<?xml version="1.0" encoding="UTF-8"?>
<!-- Generated by org.testng.reporters.JUnitReportReporter -->
<testsuite hostname="DESKTOP-T8179NT" failures="0" tests="1" name="testCases.TC002_LoginTest" time="4.630" errors="0" timestamp="2024-10-04T11:35:50 CDT" skipped="0">
  <testcase classname="testCases.TC002_LoginTest" name="verify_login" time="4.630"/>
</testsuite> <!-- testCases.TC002_LoginTest -->
