<?xml version="1.0" encoding="UTF-8"?>
<!-- Generated by org.testng.reporters.JUnitReportReporter -->
<testsuite hostname="DESKTOP-T8179NT" failures="0" tests="1" name="testCases.TC002_LoginTest" time="2.728" errors="0" timestamp="2024-10-09T13:11:13 CDT" skipped="0">
  <testcase classname="testCases.TC002_LoginTest" name="verify_login" time="2.728"/>
</testsuite> <!-- testCases.TC002_LoginTest -->
