<?xml version="1.0" encoding="UTF-8"?>
<!-- Generated by org.testng.reporters.JUnitReportReporter -->
<testsuite hostname="DESKTOP-T8179NT" failures="0" tests="1" name="testCases.TC001_AccountRegistrationTest" time="4.227" errors="0" timestamp="2024-10-09T13:59:10 CDT" skipped="0">
  <testcase classname="testCases.TC001_AccountRegistrationTest" name="verify_account_registration" time="4.227"/>
</testsuite> <!-- testCases.TC001_AccountRegistrationTest -->
