<?xml version="1.0" encoding="UTF-8"?>
<!-- Generated by org.testng.reporters.JUnitReportReporter -->
<testsuite hostname="DESKTOP-T8179NT" failures="0" tests="1" name="testCases.TC002_LoginTest" time="3.319" errors="0" timestamp="2024-10-09T13:59:10 CDT" skipped="0">
  <testcase classname="testCases.TC002_LoginTest" name="verify_login" time="3.319"/>
</testsuite> <!-- testCases.TC002_LoginTest -->
